Symbol range map extraction starting
Processing 49 files
processing com\amethyst\client\AmethystClient.java
processing com\amethyst\client\AmethystConfig.java
processing com\amethyst\client\ChatCopyButton.java
processing com\amethyst\client\ClickGUIPickerGUI.java
processing com\amethyst\client\ColorPickerGUI.java
processing com\amethyst\client\CopyChatClickHandler.java
processing com\amethyst\client\CopyMessageCommand.java
processing com\amethyst\client\CustomChatPickerGUI.java
processing com\amethyst\client\CustomChatRenderer.java
processing com\amethyst\client\EventHandler.java
processing com\amethyst\client\FriendManager.java
processing com\amethyst\client\FriendTagRenderer.java
processing com\amethyst\client\GuiModifier.java
processing com\amethyst\client\GuiNewChatHook.java
processing com\amethyst\client\HUDConfig.java
processing com\amethyst\client\HUDEditorGUI.java
processing com\amethyst\client\HUDRenderer.java
processing com\amethyst\client\KeyBindings.java
processing com\amethyst\client\ModernClickGUI.java
processing com\amethyst\client\Module.java
processing com\amethyst\client\ModuleManager.java
processing com\amethyst\client\NametagPickerGUI.java
processing com\amethyst\client\NametagRenderer.java
processing com\amethyst\client\ScoreboardPickerGUI.java
processing com\amethyst\client\ScoreboardRenderer.java
processing com\amethyst\client\ScreenshotClickHandler.java
processing com\amethyst\client\VanillaScoreboardSuppressor.java
processing com\amethyst\client\modules\AsyncScreenshot.java
processing com\amethyst\client\modules\AutoSoup.java
processing com\amethyst\client\modules\AutoSprint.java
processing com\amethyst\client\modules\CPSCounter.java
processing com\amethyst\client\modules\ClickGUI.java
processing com\amethyst\client\modules\Clock.java
processing com\amethyst\client\modules\ColorChanger.java
processing com\amethyst\client\modules\CopyChat.java
processing com\amethyst\client\modules\CustomChat.java
processing com\amethyst\client\modules\FPSCounter.java
processing com\amethyst\client\modules\Friends.java
processing com\amethyst\client\modules\FullBright.java
processing com\amethyst\client\modules\HitDelayFix.java
processing com\amethyst\client\modules\ModuleList.java
processing com\amethyst\client\modules\Nametag.java
processing com\amethyst\client\modules\NoHurtCam.java
processing com\amethyst\client\modules\NoJumpDelay.java
processing com\amethyst\client\modules\PingCounter.java
processing com\amethyst\client\modules\Refill.java
processing com\amethyst\client\modules\Saturation.java
processing com\amethyst\client\modules\Scoreboard.java
processing com\amethyst\client\modules\SoupCounter.java
